<?xml version="1.0" encoding="UTF-8" ?>
<testsuite tests="18" failures="0" name="pb.locationintelligence.LIAPIGeoRiskServiceApiTest" time="0.015" errors="0" skipped="0">
  <properties>
[...]
</properties>
  <testcase classname="pb.locationintelligence.LIAPIGeoRiskServiceApiTest" name="getFireRiskByAddressTest" time="0"/>
  <testcase classname="pb.locationintelligence.LIAPIGeoRiskServiceApiTest" name="getFireRiskByAddressBatchTest" time="0"/>
  <testcase classname="pb.locationintelligence.LIAPIGeoRiskServiceApiTest" name="getEarthquakeHistoryTest" time="0"/>
  <testcase classname="pb.locationintelligence.LIAPIGeoRiskServiceApiTest" name="getEarthquakeRiskByAddressTest" time="0"/>
  <testcase classname="pb.locationintelligence.LIAPIGeoRiskServiceApiTest" name="getFireRiskByLocationBatchTest" time="0"/>
  <testcase classname="pb.locationintelligence.LIAPIGeoRiskServiceApiTest" name="getDistanceToCoastByAddressTest" time="0"/>
  <testcase classname="pb.locationintelligence.LIAPIGeoRiskServiceApiTest" name="getFireStationByAddressTest" time="0"/>
  <testcase classname="pb.locationintelligence.LIAPIGeoRiskServiceApiTest" name="getEarthquakeRiskByLocationTest" time="0"/>
  <testcase classname="pb.locationintelligence.LIAPIGeoRiskServiceApiTest" name="getDistanceToCoastByLocationTest" time="0"/>
  <testcase classname="pb.locationintelligence.LIAPIGeoRiskServiceApiTest" name="getFloodRiskByAddressTest" time="0"/>
  <testcase classname="pb.locationintelligence.LIAPIGeoRiskServiceApiTest" name="getFireHistoryTest" time="0"/>
  <testcase classname="pb.locationintelligence.LIAPIGeoRiskServiceApiTest" name="getCrimeRiskByLocationTest" time="0"/>
  <testcase classname="pb.locationintelligence.LIAPIGeoRiskServiceApiTest" name="getFloodRiskByLocationTest" time="0"/>
  <testcase classname="pb.locationintelligence.LIAPIGeoRiskServiceApiTest" name="getFireRiskByLocationTest" time="0"/>
  <testcase classname="pb.locationintelligence.LIAPIGeoRiskServiceApiTest" name="getFloodRiskByLocationBatchTest" time="0"/>
  <testcase classname="pb.locationintelligence.LIAPIGeoRiskServiceApiTest" name="getFireStationByLocationTest" time="0"/>
  <testcase classname="pb.locationintelligence.LIAPIGeoRiskServiceApiTest" name="getCrimeRiskByAddressTest" time="0"/>
  <testcase classname="pb.locationintelligence.LIAPIGeoRiskServiceApiTest" name="getFloodRiskByAddressBatchTest" time="0"/>
</testsuite>